<?xml version="1.0" encoding="UTF-8"?>
<testsuite name="TestSuite" time="213.695" tests="3" errors="0" skipped="0" failures="1">
  <properties>
[...]
</properties>
  <testcase name="verifyEmployeeInfoInAllAndOtherTabs" classname="tests.AutomationTests" time="54.228">
    <failure message="The following asserts failed:&#10;	Verify that number of employees match between All tab and sum of other tabs. expected [119] but found [124],&#10;	Verify that employee names and departments are listed correctly between All tab and Department tabs for the Employee Name:=AMANDA GRADY Department:=Partner Growth expected [false] but found [true],&#10;	Verify that employee names and departments are listed correctly between All tab and Department tabs for the Employee Name:=AMANDA VANDIVER Department:=Partner Growth expected [false] but found [true],&#10;	Verify that employee names and departments are listed correctly between All tab and Department tabs for the Employee Name:=MARK WEILER Department:=Engineering expected [false] but found [true],&#10;	Verify that employee names and departments are listed correctly between All tab and Department tabs for the Employee Name:=VATSAL BAJPAI Department:=Engineering expected [false] but found [true],&#10;	Verify that employee names and departments are listed correctly between All tab and Department tabs for the Employee Name:=YEN HOANG Department:=Engineering expected [false] but found [true]" type="java.lang.AssertionError">java.lang.AssertionError: The following asserts failed:
	Verify that number of employees match between All tab and sum of other tabs. expected [119] but found [124],
	Verify that employee names and departments are listed correctly between All tab and Department tabs for the Employee Name:=AMANDA GRADY Department:=Partner Growth expected [false] but found [true],
	Verify that employee names and departments are listed correctly between All tab and Department tabs for the Employee Name:=AMANDA VANDIVER Department:=Partner Growth expected [false] but found [true],
	Verify that employee names and departments are listed correctly between All tab and Department tabs for the Employee Name:=MARK WEILER Department:=Engineering expected [false] but found [true],
	Verify that employee names and departments are listed correctly between All tab and Department tabs for the Employee Name:=VATSAL BAJPAI Department:=Engineering expected [false] but found [true],
	Verify that employee names and departments are listed correctly between All tab and Department tabs for the Employee Name:=YEN HOANG Department:=Engineering expected [false] but found [true]
	at org.testng.asserts.SoftAssert.assertAll(SoftAssert.java:43)
	at tests.AutomationTests.verifyEmployeeInfoInAllAndOtherTabs(AutomationTests.java:117)
</failure>
    <system-out><![CDATA[Running on Windows OS.
]]></system-out>
    <system-err><![CDATA[Starting ChromeDriver 2.42.591088 (7b2b2dca23cca0862f674758c9a3933e685c27d5) on port 3055
Only local connections are allowed.
Sep 16, 2018 4:20:29 PM org.openqa.selenium.remote.ProtocolHandshake createSession
INFO: Detected dialect: OSS
]]></system-err>
  </testcase>
  <testcase name="verifyRequestADemoButtonFunctionality" classname="tests.AutomationTests" time="146.021"/>
  <testcase name="verifyViewOurCustomersButtonFunctionality" classname="tests.AutomationTests" time="13.446"/>
</testsuite>