<?xml version="1.0" encoding="UTF-8"?>
<!-- Generated by org.testng.reporters.JUnitXMLReporter -->
<testsuite hostname="Bharath-PC" ignored="0" name="Automation Build Acceptance Test" tests="3" failures="1" timestamp="16 Sep 2018 10:47:12 GMT" time="250.286" errors="0">
  <testcase name="verifyEmployeeInfoInAllAndOtherTabs" time="56.187" classname="tests.AutomationTests">
    <failure type="java.lang.AssertionError" message="The following asserts failed:
	Verify that number of employees match between All tab and sum of other tabs. expected [119] but found [124],
	Verify that employee names and departments are listed correctly between All tab and Department tabs for the Employee Name:=AMANDA GRADY Department:=Partner Growth expected [false] but found [true],
	Verify that employee names and departments are listed correctly between All tab and Department tabs for the Employee Name:=AMANDA VANDIVER Department:=Partner Growth expected [false] but found [true],
	Verify that employee names and departments are listed correctly between All tab and Department tabs for the Employee Name:=MARK WEILER Department:=Engineering expected [false] but found [true],
	Verify that employee names and departments are listed correctly between All tab and Department tabs for the Employee Name:=VATSAL BAJPAI Department:=Engineering expected [false] but found [true],
	Verify that employee names and departments are listed correctly between All tab and Department tabs for the Employee Name:=YEN HOANG Department:=Engineering expected [false] but found [true]">
      <![CDATA[java.lang.AssertionError: The following asserts failed:Verify that number of employees match between All tab and sum of other tabs. expected [119] but found [124],Verify that employee names and departments are listed correctly between All tab and Department tabs for the Employee Name:=AMANDA GRADY Department:=Partner Growth expected [false] but found [true],Verify that employee names and departments are listed correctly between All tab and Department tabs for the Employee Name:=AMANDA VANDIVER Department:=Partner Growth expected [false] but found [true],Verify that employee names and departments are listed correctly between All tab and Department tabs for the Employee Name:=MARK WEILER Department:=Engineering expected [false] but found [true],Verify that employee names and departments are listed correctly between All tab and Department tabs for the Employee Name:=VATSAL BAJPAI Department:=Engineering expected [false] but found [true],Verify that employee names and departments are listed correctly between All tab and Department tabs for the Employee Name:=YEN HOANG Department:=Engineering expected [false] but found [true]at tests.AutomationTests.verifyEmployeeInfoInAllAndOtherTabs(AutomationTests.java:117)... Removed 26 stack frames]]>
    </failure>
  </testcase> <!-- verifyEmployeeInfoInAllAndOtherTabs -->
  <testcase name="verifyRequestADemoButtonFunctionality" time="181.304" classname="tests.AutomationTests"/>
  <testcase name="verifyViewOurCustomersButtonFunctionality" time="9.936" classname="tests.AutomationTests"/>
</testsuite> <!-- Automation Build Acceptance Test -->
